Change Component Designator: Old Designator=C1 New Designator=C13
Change Component Designator: Old Designator=C2 New Designator=C15
Change Component Designator: Old Designator=C3 New Designator=C17
Change Component Designator: Old Designator=C? New Designator=C4
Change Component Designator: Old Designator=C? New Designator=C5
Change Component Designator: Old Designator=C? New Designator=C6
Change Component Designator: Old Designator=C? New Designator=C7
Change Component Designator: Old Designator=C? New Designator=C8
Change Component Designator: Old Designator=C? New Designator=C9
Change Component Designator: Old Designator=C? New Designator=C10
Change Component Designator: Old Designator=C? New Designator=C11
Change Component Designator: Old Designator=C? New Designator=C12
Change Component Designator: Old Designator=C? New Designator=C14
Change Component Designator: Old Designator=C? New Designator=C16
Change Component Designator: Old Designator=C? New Designator=C18
Change Component Designator: Old Designator=D1 New Designator=D17
Change Component Designator: Old Designator=D2 New Designator=D21
Change Component Designator: Old Designator=D3 New Designator=D23
Change Component Designator: Old Designator=D4 New Designator=D19
Change Component Designator: Old Designator=D? New Designator=D5
Change Component Designator: Old Designator=D? New Designator=D6
Change Component Designator: Old Designator=D? New Designator=D7
Change Component Designator: Old Designator=D? New Designator=D8
Change Component Designator: Old Designator=D? New Designator=D9
Change Component Designator: Old Designator=D? New Designator=D10
Change Component Designator: Old Designator=D? New Designator=D11
Change Component Designator: Old Designator=D? New Designator=D12
Change Component Designator: Old Designator=D? New Designator=D13
Change Component Designator: Old Designator=D? New Designator=D14
Change Component Designator: Old Designator=D? New Designator=D15
Change Component Designator: Old Designator=D? New Designator=D16
Change Component Designator: Old Designator=D? New Designator=D18
Change Component Designator: Old Designator=D? New Designator=D20
Change Component Designator: Old Designator=D? New Designator=D22
Change Component Designator: Old Designator=D? New Designator=D24
Change Component Designator: Old Designator=P1 New Designator=P23
Change Component Designator: Old Designator=P2 New Designator=P20
Change Component Designator: Old Designator=P? New Designator=P5
Change Component Designator: Old Designator=P? New Designator=P6
Change Component Designator: Old Designator=P? New Designator=P7
Change Component Designator: Old Designator=P? New Designator=P8
Change Component Designator: Old Designator=P? New Designator=P9
Change Component Designator: Old Designator=P? New Designator=P10
Change Component Designator: Old Designator=P? New Designator=P11
Change Component Designator: Old Designator=P? New Designator=P12
Change Component Designator: Old Designator=P? New Designator=P13
Change Component Designator: Old Designator=P? New Designator=P14
Change Component Designator: Old Designator=P? New Designator=P15
Change Component Designator: Old Designator=P? New Designator=P16
Change Component Designator: Old Designator=P? New Designator=P17
Change Component Designator: Old Designator=P? New Designator=P18
Change Component Designator: Old Designator=P? New Designator=P19
Change Component Designator: Old Designator=P? New Designator=P21
Change Component Designator: Old Designator=P? New Designator=P22
Change Component Designator: Old Designator=P? New Designator=P24
Change Component Designator: Old Designator=Q1 New Designator=Q17
Change Component Designator: Old Designator=Q2 New Designator=Q21
Change Component Designator: Old Designator=Q3 New Designator=Q19
Change Component Designator: Old Designator=Q4 New Designator=Q23
Change Component Designator: Old Designator=Q? New Designator=Q5
Change Component Designator: Old Designator=Q? New Designator=Q6
Change Component Designator: Old Designator=Q? New Designator=Q7
Change Component Designator: Old Designator=Q? New Designator=Q8
Change Component Designator: Old Designator=Q? New Designator=Q9
Change Component Designator: Old Designator=Q? New Designator=Q10
Change Component Designator: Old Designator=Q? New Designator=Q11
Change Component Designator: Old Designator=Q? New Designator=Q12
Change Component Designator: Old Designator=Q? New Designator=Q13
Change Component Designator: Old Designator=Q? New Designator=Q14
Change Component Designator: Old Designator=Q? New Designator=Q15
Change Component Designator: Old Designator=Q? New Designator=Q16
Change Component Designator: Old Designator=Q? New Designator=Q18
Change Component Designator: Old Designator=Q? New Designator=Q20
Change Component Designator: Old Designator=Q? New Designator=Q22
Change Component Designator: Old Designator=Q? New Designator=Q24
Change Component Designator: Old Designator=R1 New Designator=R33
Change Component Designator: Old Designator=R2 New Designator=R31
Change Component Designator: Old Designator=R3 New Designator=R39
Change Component Designator: Old Designator=R4 New Designator=R41
Change Component Designator: Old Designator=R5 New Designator=R29
Change Component Designator: Old Designator=R6 New Designator=R37
Change Component Designator: Old Designator=R7 New Designator=R35
Change Component Designator: Old Designator=R? New Designator=R8
Change Component Designator: Old Designator=R? New Designator=R9
Change Component Designator: Old Designator=R? New Designator=R10
Change Component Designator: Old Designator=R? New Designator=R11
Change Component Designator: Old Designator=R? New Designator=R12
Change Component Designator: Old Designator=R? New Designator=R13
Change Component Designator: Old Designator=R? New Designator=R14
Change Component Designator: Old Designator=R? New Designator=R15
Change Component Designator: Old Designator=R? New Designator=R16
Change Component Designator: Old Designator=R? New Designator=R17
Change Component Designator: Old Designator=R? New Designator=R18
Change Component Designator: Old Designator=R? New Designator=R19
Change Component Designator: Old Designator=R? New Designator=R20
Change Component Designator: Old Designator=R? New Designator=R21
Change Component Designator: Old Designator=R? New Designator=R22
Change Component Designator: Old Designator=R? New Designator=R23
Change Component Designator: Old Designator=R? New Designator=R24
Change Component Designator: Old Designator=R? New Designator=R25
Change Component Designator: Old Designator=R? New Designator=R26
Change Component Designator: Old Designator=R? New Designator=R27
Change Component Designator: Old Designator=R? New Designator=R28
Change Component Designator: Old Designator=R? New Designator=R30
Change Component Designator: Old Designator=R? New Designator=R32
Change Component Designator: Old Designator=R? New Designator=R34
Change Component Designator: Old Designator=R? New Designator=R36
Change Component Designator: Old Designator=R? New Designator=R38
Change Component Designator: Old Designator=R? New Designator=R40
Change Component Designator: Old Designator=R? New Designator=R42
Change Component Designator: Old Designator=U1 New Designator=U5
Change Component Designator: Old Designator=U? New Designator=U2
Change Component Designator: Old Designator=U? New Designator=U3
Change Component Designator: Old Designator=U? New Designator=U4
Change Component Designator: Old Designator=U? New Designator=U6
