Change Component Designator: Old Designator=C4 New Designator=C1
Change Component Designator: Old Designator=C5 New Designator=C2
Change Component Designator: Old Designator=C6 New Designator=C3
Change Component Designator: Old Designator=C7 New Designator=C4
Change Component Designator: Old Designator=C8 New Designator=C5
Change Component Designator: Old Designator=C9 New Designator=C6
Change Component Designator: Old Designator=C10\ New Designator=C7
Change Component Designator: Old Designator=C11 New Designator=C8
Change Component Designator: Old Designator=C12 New Designator=C9
Change Component Designator: Old Designator=C13 New Designator=C10
Change Component Designator: Old Designator=C14 New Designator=C11
Change Component Designator: Old Designator=C15 New Designator=C12
Change Component Designator: Old Designator=C16 New Designator=C13
Change Component Designator: Old Designator=C17 New Designator=C14
Change Component Designator: Old Designator=C18 New Designator=C15
Change Component Designator: Old Designator=D5 New Designator=D1
Change Component Designator: Old Designator=D6 New Designator=D2
Change Component Designator: Old Designator=D7 New Designator=D3
Change Component Designator: Old Designator=D8 New Designator=D4
Change Component Designator: Old Designator=D9 New Designator=D5
Change Component Designator: Old Designator=D10 New Designator=D6
Change Component Designator: Old Designator=D11 New Designator=D7
Change Component Designator: Old Designator=D12 New Designator=D8
Change Component Designator: Old Designator=D13 New Designator=D9
Change Component Designator: Old Designator=D14 New Designator=D10
Change Component Designator: Old Designator=D15 New Designator=D11
Change Component Designator: Old Designator=D16 New Designator=D12
Change Component Designator: Old Designator=D17 New Designator=D13
Change Component Designator: Old Designator=D18 New Designator=D14
Change Component Designator: Old Designator=D19 New Designator=D15
Change Component Designator: Old Designator=D20 New Designator=D16
Change Component Designator: Old Designator=D21 New Designator=D17
Change Component Designator: Old Designator=D22 New Designator=D18
Change Component Designator: Old Designator=D23 New Designator=D19
Change Component Designator: Old Designator=D24 New Designator=D20
Change Component Designator: Old Designator=P3 New Designator=P1
Change Component Designator: Old Designator=P5 New Designator=P2
Change Component Designator: Old Designator=P6 New Designator=P3
Change Component Designator: Old Designator=P10 New Designator=P4
Change Component Designator: Old Designator=P11 New Designator=P5
Change Component Designator: Old Designator=PC-104 New Designator=PC-1
Change Component Designator: Old Designator=Q5 New Designator=Q1
Change Component Designator: Old Designator=Q6 New Designator=Q2
Change Component Designator: Old Designator=Q7 New Designator=Q3
Change Component Designator: Old Designator=Q8 New Designator=Q4
Change Component Designator: Old Designator=Q9 New Designator=Q5
Change Component Designator: Old Designator=Q10 New Designator=Q6
Change Component Designator: Old Designator=Q11 New Designator=Q7
Change Component Designator: Old Designator=Q12 New Designator=Q8
Change Component Designator: Old Designator=Q13 New Designator=Q9
Change Component Designator: Old Designator=Q14 New Designator=Q10
Change Component Designator: Old Designator=Q15 New Designator=Q11
Change Component Designator: Old Designator=Q16 New Designator=Q12
Change Component Designator: Old Designator=Q17 New Designator=Q13
Change Component Designator: Old Designator=Q18 New Designator=Q14
Change Component Designator: Old Designator=Q19 New Designator=Q15
Change Component Designator: Old Designator=Q20 New Designator=Q16
Change Component Designator: Old Designator=Q21 New Designator=Q17
Change Component Designator: Old Designator=Q22 New Designator=Q18
Change Component Designator: Old Designator=Q23 New Designator=Q19
Change Component Designator: Old Designator=Q24 New Designator=Q20
Change Component Designator: Old Designator=R1 New Designator=R3
Change Component Designator: Old Designator=R8 New Designator=R1
Change Component Designator: Old Designator=R9 New Designator=R2
Change Component Designator: Old Designator=R11 New Designator=R4
Change Component Designator: Old Designator=R12 New Designator=R5
Change Component Designator: Old Designator=R13 New Designator=R6
Change Component Designator: Old Designator=R14 New Designator=R7
Change Component Designator: Old Designator=R15 New Designator=R8
Change Component Designator: Old Designator=R16 New Designator=R9
Change Component Designator: Old Designator=R17 New Designator=R10
Change Component Designator: Old Designator=R18 New Designator=R11
Change Component Designator: Old Designator=R19 New Designator=R12
Change Component Designator: Old Designator=R20 New Designator=R13
Change Component Designator: Old Designator=R21 New Designator=R14
Change Component Designator: Old Designator=R22 New Designator=R15
Change Component Designator: Old Designator=R23 New Designator=R16
Change Component Designator: Old Designator=R24 New Designator=R17
Change Component Designator: Old Designator=R25 New Designator=R18
Change Component Designator: Old Designator=R26 New Designator=R19
Change Component Designator: Old Designator=R27 New Designator=R20
Change Component Designator: Old Designator=R28 New Designator=R21
Change Component Designator: Old Designator=R29 New Designator=R22
Change Component Designator: Old Designator=R30 New Designator=R23
Change Component Designator: Old Designator=R31 New Designator=R24
Change Component Designator: Old Designator=R32 New Designator=R25
Change Component Designator: Old Designator=R33 New Designator=R26
Change Component Designator: Old Designator=R34 New Designator=R27
Change Component Designator: Old Designator=R35 New Designator=R28
Change Component Designator: Old Designator=R36 New Designator=R29
Change Component Designator: Old Designator=R37 New Designator=R30
Change Component Designator: Old Designator=R38 New Designator=R31
Change Component Designator: Old Designator=R39 New Designator=R32
Change Component Designator: Old Designator=R40 New Designator=R33
Change Component Designator: Old Designator=R41 New Designator=R34
Change Component Designator: Old Designator=R42 New Designator=R35
Change Component Designator: Old Designator=U2 New Designator=U1
Change Component Designator: Old Designator=U3 New Designator=U2
Change Component Designator: Old Designator=U4 New Designator=U3
Change Component Designator: Old Designator=U5 New Designator=U4
Change Component Designator: Old Designator=U6 New Designator=U5
