Added Component: Designator=Teensy 3.2(Teensy 3.2 with Headers)
Add component. Clean all parameters for all variants
Added Pin To Net: NetName=GND Pin=Teensy 3.2-1
Added Pin To Net: NetName=GPIO_0 Pin=Teensy 3.2-2
Added Pin To Net: NetName=GPIO_1 Pin=Teensy 3.2-3
Added Pin To Net: NetName=GPIO_2 Pin=Teensy 3.2-4
Added Pin To Net: NetName=GPIO_3 Pin=Teensy 3.2-5
Added Pin To Net: NetName=GPIO_4 Pin=Teensy 3.2-6
Added Pin To Net: NetName=GPIO_5 Pin=Teensy 3.2-7
Added Pin To Net: NetName=PWM 1 Pin=Teensy 3.2-8
Added Pin To Net: NetName=GPIO_7 Pin=Teensy 3.2-9
Added Pin To Net: NetName=GPIO_8 Pin=Teensy 3.2-10
Added Pin To Net: NetName=PWM 2 Pin=Teensy 3.2-11
Added Pin To Net: NetName=CS Pin=Teensy 3.2-12
Added Pin To Net: NetName=DOUT Pin=Teensy 3.2-13
Added Pin To Net: NetName=GPIO_12 Pin=Teensy 3.2-14
Added Pin To Net: NetName=SCK Pin=Teensy 3.2-20
Added Pin To Net: NetName=A0 Pin=Teensy 3.2-21
Added Pin To Net: NetName=A1 Pin=Teensy 3.2-22
Added Pin To Net: NetName=GPIO_16 Pin=Teensy 3.2-23
Added Pin To Net: NetName=GPIO_17 Pin=Teensy 3.2-24
Added Pin To Net: NetName=SDA0 Pin=Teensy 3.2-25
Added Pin To Net: NetName=SCL0 Pin=Teensy 3.2-26
Added Pin To Net: NetName=GPIO_20 Pin=Teensy 3.2-27
Added Pin To Net: NetName=GPIO_21 Pin=Teensy 3.2-28
Added Pin To Net: NetName=GPIO_22 Pin=Teensy 3.2-29
Added Pin To Net: NetName=PWM 3 Pin=Teensy 3.2-30
Added Pin To Net: NetName=3.3V Pin=Teensy 3.2-31
Added Pin To Net: NetName=GND Pin=Teensy 3.2-32
Added Pin To Net: NetName=5V_3 Pin=Teensy 3.2-33
Added Member To Class: ClassName=Top Member=Component Teensy 3.2 Teensy 3.2 Headers
