Removed Pin From Net: NetName=24V Pin=ADCS2Umb-B1
Removed Pin From Net: NetName=GND Pin=ADCS2Umb-B4
Added Component: Designator=501571-2007(501571-2007)
Add component. Clean all parameters for all variants
Added Pin To Net: NetName=PT4 Pin=501571-2007-1
Added Pin To Net: NetName=PT5 Pin=501571-2007-2
Added Pin To Net: NetName=PT6 Pin=501571-2007-3
Added Pin To Net: NetName=PT7 Pin=501571-2007-4
Added Pin To Net: NetName=PT8 Pin=501571-2007-5
Added Pin To Net: NetName=PT9 Pin=501571-2007-6
Added Pin To Net: NetName=PT10 Pin=501571-2007-7
Added Pin To Net: NetName=PT11 Pin=501571-2007-8
Added Pin To Net: NetName=PT12 Pin=501571-2007-9
Added Pin To Net: NetName=PT13 Pin=501571-2007-10
Added Pin To Net: NetName=PT1 Pin=501571-2007-11
Added Pin To Net: NetName=PT2 Pin=501571-2007-12
Added Pin To Net: NetName=PT3 Pin=501571-2007-13
Added Pin To Net: NetName=PT14 Pin=501571-2007-14
Added Pin To Net: NetName=PT15 Pin=501571-2007-15
Added Pin To Net: NetName=PT16 Pin=501571-2007-16
Added Pin To Net: NetName=5V_3 Pin=501571-2007-19
Added Pin To Net: NetName=GND Pin=501571-2007-20
Added Member To Class: ClassName=Top Member=Component 501571-2007 Pico-Clasp 1.0mm 20POS
