Removed Pin From Net: NetName=3.3V Pin=AP1017-1-6
Removed Pin From Net: NetName=3.3V Pin=AP1017-2-6
Removed Pin From Net: NetName=3.3V Pin=AP1017-3-6
Removed Pin From Net: NetName=3.3V Pin=C19-1
Removed Pin From Net: NetName=3.3V Pin=C20-1
Removed Pin From Net: NetName=3.3V Pin=C21-2
Removed Pin From Net: NetName=GND Pin=C26-1
Removed Pin From Net: NetName=3.3V Pin=C26-2
Removed Pin From Net: NetName=GND Pin=Const Current-1
Removed Pin From Net: NetName=GND Pin=Const Current-6
Removed Pin From Net: NetName=GPIO_7 Pin=CS Mux-10
Removed Pin From Net: NetName=GPIO_20 Pin=Curr Mux-1
Removed Pin From Net: NetName=GND Pin=Curr Mux-3
Removed Pin From Net: NetName=3.3V Pin=Curr Mux-5
Removed Pin From Net: NetName=3.3V Pin=Curr Mux-6
Removed Pin From Net: NetName=GPIO_21 Pin=Curr Mux-10
Removed Pin From Net: NetName=GPIO_7 Pin=HS Mux-10
Removed Pin From Net: NetName=GND Pin=R4-1
Removed Pin From Net: NetName=GPIO_20 Pin=Sun Mux-10
Removed Pin From Net: NetName=GPIO_21 Pin=Sun Mux-11
Removed Pin From Net: NetName=GPIO_22 Pin=Sun Mux-14
Removed Pin From Net: NetName=GPIO_9 Pin=Teensy 3.2-11
Removed Member From Class: ClassName=Top Member=C26
Removed Member From Class: ClassName=Top Member=Const Current
Removed Member From Class: ClassName=Top Member=Curr Mux
Removed Member From Class: ClassName=Top Member=R4
Added Pin To Net: NetName=GND Pin=AP1017-1-9
Added Pin To Net: NetName=GND Pin=AP1017-1-9
Added Pin To Net: NetName=GND Pin=AP1017-2-9
Added Pin To Net: NetName=GND Pin=AP1017-2-9
Added Pin To Net: NetName=GND Pin=AP1017-3-9
Added Pin To Net: NetName=GND Pin=AP1017-3-9
Added Pin To Net: NetName=GPIO_7 Pin=CS Mux-1
Added Pin To Net: NetName=GPIO_8 Pin=CS Mux-10
Added Pin To Net: NetName=GPIO_12 Pin=HS Mux-1
Added Pin To Net: NetName=GPIO_22 Pin=HS Mux-10
Added Pin To Net: NetName=GPIO_21 Pin=Sun Mux-13
Added Pin To Net: NetName=GPIO_20 Pin=Sun Mux-14
Added Pin To Net: NetName=A0 Pin=HS Mux-8
Added Pin To Net: NetName=A0 Pin=Teensy 3.2-21
Added Net: Name=A0
Added Pin To Net: NetName=A1 Pin=Sun Mux-1
Added Pin To Net: NetName=A1 Pin=Teensy 3.2-22
Added Net: Name=A1
Added Pin To Net: NetName=GPIO_16 Pin=Sun Mux-10
Added Pin To Net: NetName=GPIO_16 Pin=Teensy 3.2-23
Added Net: Name=GPIO_16
Added Pin To Net: NetName=GPIO_17 Pin=Sun Mux-11
Added Pin To Net: NetName=GPIO_17 Pin=Teensy 3.2-24
Added Net: Name=GPIO_17
Added Pin To Net: NetName=PWM 1 Pin=AP1017-1-6
Added Pin To Net: NetName=PWM 1 Pin=C21-2
Added Pin To Net: NetName=PWM 1 Pin=Teensy 3.2-8
Added Net: Name=PWM 1
Added Pin To Net: NetName=PWM 2 Pin=AP1017-2-6
Added Pin To Net: NetName=PWM 2 Pin=C20-1
Added Pin To Net: NetName=PWM 2 Pin=Teensy 3.2-11
Added Net: Name=PWM 2
Added Pin To Net: NetName=PWM 3 Pin=AP1017-3-6
Added Pin To Net: NetName=PWM 3 Pin=C19-1
Added Pin To Net: NetName=PWM 3 Pin=Teensy 3.2-30
Added Net: Name=PWM 3
