Removed Member From Class: ClassName=TopV5_StructureClass Member=U_IOconnector_StructureClass
Removed Member From Class: ClassName=TopV5_StructureClass Member=Umbilical104_StructureClass
Added Component: Designator=OpAmp?(UA741)
Add component. Clean all parameters for all variants
Added Component: Designator=PresAmp?(R_8)
Add component. Clean all parameters for all variants
Add component (AddParameter): Name = "Manufacturer_Part_Number"; Value = "AD627ARZ"; VariantName = "[No Variations]"
Add component (AddParameter): Name = "RefDes"; Value = "Refdes"; VariantName = "[No Variations]"
Add component (AddParameter): Name = "Type"; Value = "Type"; VariantName = "[No Variations]"
Add component (AddParameter): Name = "Value"; Value = "Value"; VariantName = "[No Variations]"
Add component (AddParameter): Name = "Vendor"; Value = "Vendor"; VariantName = "[No Variations]"
Added Component: Designator=Q?(TO-92A)
Add component. Clean all parameters for all variants
Add component (AddParameter): Name = "ComponentLink1Description"; Value = "Manufacturer Link"; VariantName = "[No Variations]"
Add component (AddParameter): Name = "ComponentLink1URL"; Value = "http://www.fairchildsemi.com/"; VariantName = "[No Variations]"
Add component (AddParameter): Name = "ComponentLink2Description"; Value = "Datasheet"; VariantName = "[No Variations]"
Add component (AddParameter): Name = "ComponentLink2URL"; Value = "http://www.fairchildsemi.com/ds/2N%2F2N3906.pdf"; VariantName = "[No Variations]"
Add component (AddParameter): Name = "DatasheetVersion"; Value = "1997"; VariantName = "[No Variations]"
Add component (AddParameter): Name = "LatestRevisionDate"; Value = "15-Jan-2003"; VariantName = "[No Variations]"
Add component (AddParameter): Name = "LatestRevisionNote"; Value = "PCB Footprint 'BCY-W3/D4.7' replaced"; VariantName = "[No Variations]"
Add component (AddParameter): Name = "PackageDescription"; Value = "TO, Flat Index; 3 In-Line, Axial Leads; Body Dia. 4.5mm; Leads 0.51 x 0.48 mm (max)"; VariantName = "[No Variations]"
Add component (AddParameter): Name = "PackageReference"; Value = "TO-92A"; VariantName = "[No Variations]"
Add component (AddParameter): Name = "PackageVersion"; Value = "Sep-1998"; VariantName = "[No Variations]"
Add component (AddParameter): Name = "Published"; Value = "8-Jun-2000"; VariantName = "[No Variations]"
Add component (AddParameter): Name = "Publisher"; Value = "Altium Limited"; VariantName = "[No Variations]"
Added Component: Designator=R?(AXIAL-0.3)
Add component. Clean all parameters for all variants
Add component (AddParameter): Name = "LatestRevisionDate"; Value = "17-Jul-2002"; VariantName = "[No Variations]"
Add component (AddParameter): Name = "LatestRevisionNote"; Value = "Re-released for DXP Platform."; VariantName = "[No Variations]"
Add component (AddParameter): Name = "PackageDescription"; Value = "Axial Device, Thru-Hole; 2 Leads; 0.3 in Pin Spacing"; VariantName = "[No Variations]"
Add component (AddParameter): Name = "PackageReference"; Value = "AXIAL-0.3"; VariantName = "[No Variations]"
Add component (AddParameter): Name = "Published"; Value = "8-Jun-2000"; VariantName = "[No Variations]"
Add component (AddParameter): Name = "Publisher"; Value = "Altium Limited"; VariantName = "[No Variations]"
Add component (AddParameter): Name = "Value"; Value = "Res"; VariantName = "[No Variations]"
Added Component: Designator=R?(AXIAL-0.3)
Add component. Clean all parameters for all variants
Add component (AddParameter): Name = "LatestRevisionDate"; Value = "17-Jul-2002"; VariantName = "[No Variations]"
Add component (AddParameter): Name = "LatestRevisionNote"; Value = "Re-released for DXP Platform."; VariantName = "[No Variations]"
Add component (AddParameter): Name = "PackageDescription"; Value = "Axial Device, Thru-Hole; 2 Leads; 0.3 in Pin Spacing"; VariantName = "[No Variations]"
Add component (AddParameter): Name = "PackageReference"; Value = "AXIAL-0.3"; VariantName = "[No Variations]"
Add component (AddParameter): Name = "Published"; Value = "8-Jun-2000"; VariantName = "[No Variations]"
Add component (AddParameter): Name = "Publisher"; Value = "Altium Limited"; VariantName = "[No Variations]"
Add component (AddParameter): Name = "Value"; Value = "Res"; VariantName = "[No Variations]"
Added Component: Designator=R?(AXIAL-0.3)
Add component. Clean all parameters for all variants
Add component (AddParameter): Name = "LatestRevisionDate"; Value = "17-Jul-2002"; VariantName = "[No Variations]"
Add component (AddParameter): Name = "LatestRevisionNote"; Value = "Re-released for DXP Platform."; VariantName = "[No Variations]"
Add component (AddParameter): Name = "PackageDescription"; Value = "Axial Device, Thru-Hole; 2 Leads; 0.3 in Pin Spacing"; VariantName = "[No Variations]"
Add component (AddParameter): Name = "PackageReference"; Value = "AXIAL-0.3"; VariantName = "[No Variations]"
Add component (AddParameter): Name = "Published"; Value = "8-Jun-2000"; VariantName = "[No Variations]"
Add component (AddParameter): Name = "Publisher"; Value = "Altium Limited"; VariantName = "[No Variations]"
Add component (AddParameter): Name = "Value"; Value = "Res"; VariantName = "[No Variations]"
Added Component: Designator=RPOT?(VR5)
Add component. Clean all parameters for all variants
Add component (AddParameter): Name = "LatestRevisionDate"; Value = "17-Jul-2002"; VariantName = "[No Variations]"
Add component (AddParameter): Name = "LatestRevisionNote"; Value = "Re-released for DXP Platform."; VariantName = "[No Variations]"
Add component (AddParameter): Name = "PackageDescription"; Value = "Variable Resistor, Thru-Hole; 3 Leads"; VariantName = "[No Variations]"
Add component (AddParameter): Name = "PackageReference"; Value = "VR5"; VariantName = "[No Variations]"
Add component (AddParameter): Name = "Published"; Value = "8-Jun-2000"; VariantName = "[No Variations]"
Add component (AddParameter): Name = "Publisher"; Value = "Altium Limited"; VariantName = "[No Variations]"
Add component (AddParameter): Name = "Set Position"; Value = "0.5"; VariantName = "[No Variations]"
Add component (AddParameter): Name = "Sim Note"; Value = "Enter the Resistance value and the set point into parameter fields."; VariantName = "[No Variations]"
Add component (AddParameter): Name = "Value"; Value = "1K"; VariantName = "[No Variations]"
Added Pin To Net: NetName=ANALOGGND Pin=OpAmp?-4
Added Pin To Net: NetName=ANALOGGND Pin=PresAmp?-4
Added Pin To Net: NetName=ANALOGGND Pin=PresAmp?-5
Added Pin To Net: NetName=ANALOGGND Pin=PressSense2-2
Added Pin To Net: NetName=GND Pin=RPOT?-1
Added Pin To Net: NetName=NetOpAmp?_2 Pin=OpAmp?-2
Added Pin To Net: NetName=NetOpAmp?_2 Pin=Q?-1
Added Pin To Net: NetName=NetOpAmp?_2 Pin=R?-2
Added Net: Name=NetOpAmp?_2
Added Pin To Net: NetName=NetOpAmp?_3 Pin=OpAmp?-3
Added Pin To Net: NetName=NetOpAmp?_3 Pin=R?-1
Added Pin To Net: NetName=NetOpAmp?_3 Pin=R?-2
Added Net: Name=NetOpAmp?_3
Added Pin To Net: NetName=NetOpAmp?_6 Pin=OpAmp?-6
Added Pin To Net: NetName=NetOpAmp?_6 Pin=Q?-2
Added Net: Name=NetOpAmp?_6
Added Pin To Net: NetName=NetPresAmp?_1 Pin=PresAmp?-1
Added Pin To Net: NetName=NetPresAmp?_1 Pin=RPOT?-2
Added Net: Name=NetPresAmp?_1
Added Pin To Net: NetName=NetPresAmp?_2 Pin=PresAmp?-2
Added Pin To Net: NetName=NetPresAmp?_2 Pin=PressSense2-4
Added Net: Name=NetPresAmp?_2
Added Pin To Net: NetName=NetPresAmp?_6 Pin=PresAmp?-6
Added Net: Name=NetPresAmp?_6
Added Pin To Net: NetName=NetPresAmp?_7 Pin=PresAmp?-7
Added Pin To Net: NetName=NetPresAmp?_7 Pin=R?-1
Added Net: Name=NetPresAmp?_7
Added Pin To Net: NetName=NetPresAmp?_8 Pin=PresAmp?-8
Added Pin To Net: NetName=NetPresAmp?_8 Pin=RPOT?-3
Added Net: Name=NetPresAmp?_8
Added Pin To Net: NetName=NetPressSense2_3 Pin=PressSense2-3
Added Pin To Net: NetName=NetPressSense2_3 Pin=Q?-3
Added Net: Name=NetPressSense2_3
Change Class Name : Old Net Name=Umbilical104 New Net Name=AdapterBoard
Change Class Name : Old Net Name=TopV5_StructureClass New Net Name=AdapterBoard_StructureClass
Added Member To Class: ClassName=AdapterBoard Member=Component OpAmp? UA741
Added Member To Class: ClassName=AdapterBoard Member=Component PresAmp? AD627ARZ
Added Member To Class: ClassName=AdapterBoard Member=Component Q? 2N3906
Added Member To Class: ClassName=AdapterBoard Member=Component R? 1000
Added Member To Class: ClassName=AdapterBoard Member=Component R? 1000
Added Member To Class: ClassName=AdapterBoard Member=Component R? 1000
Added Member To Class: ClassName=AdapterBoard Member=Component RPOT? 100K
Added Member To Structure Class: ClassName=AdapterBoard_StructureClass Member=AdapterBoard
