Removed Pin From Net: NetName=5V_TempSensors Pin=R3-1
Removed Pin From Net: NetName=mux7 Pin=R3-2
Removed Pin From Net: NetName=5V_TempSensors Pin=R4-1
Removed Pin From Net: NetName=mux8 Pin=R4-2
Removed Pin From Net: NetName=5V_TempSensors Pin=R7-1
Removed Pin From Net: NetName=mux3 Pin=R7-2
Removed Pin From Net: NetName=5V_TempSensors Pin=R8-1
Removed Pin From Net: NetName=mux4 Pin=R8-2
Removed Pin From Net: NetName=mux7 Pin=T3-1
Removed Pin From Net: NetName=DGND Pin=T3-2
Removed Pin From Net: NetName=mux8 Pin=T4-1
Removed Pin From Net: NetName=DGND Pin=T4-2
Removed Pin From Net: NetName=mux3 Pin=T7-1
Removed Pin From Net: NetName=DGND Pin=T7-2
Removed Pin From Net: NetName=mux4 Pin=T8-1
Removed Pin From Net: NetName=DGND Pin=T8-2
Removed Member From Class: ClassName=Umbilical104 Member=R3
Removed Member From Class: ClassName=Umbilical104 Member=R4
Removed Member From Class: ClassName=Umbilical104 Member=R7
Removed Member From Class: ClassName=Umbilical104 Member=R8
Removed Member From Class: ClassName=Umbilical104 Member=T3
Removed Member From Class: ClassName=Umbilical104 Member=T4
Removed Member From Class: ClassName=Umbilical104 Member=T7
Removed Member From Class: ClassName=Umbilical104 Member=T8
