Removed Pin From Net: NetName=GOM_GND_1 Pin=Ccomp2-2
Removed Pin From Net: NetName=GOM_GND_1 Pin=Ccomp-2
Removed Pin From Net: NetName=V_BAT_1 Pin=Cin_1-1
Removed Pin From Net: NetName=GOM_GND_1 Pin=Cin_1-2
Removed Pin From Net: NetName=V_BAT_1 Pin=Cin_2-1
Removed Pin From Net: NetName=GOM_GND_1 Pin=Cin_2-2
Removed Pin From Net: NetName=V_BAT_1 Pin=Cin_3-1
Removed Pin From Net: NetName=GOM_GND_1 Pin=Cin_3-2
Removed Pin From Net: NetName=+12V_1_JUMP7 Pin=Cout_1-1
Removed Pin From Net: NetName=GOM_GND_1 Pin=Cout_1-2
Removed Pin From Net: NetName=+12V_1_JUMP7 Pin=Cout_2-1
Removed Pin From Net: NetName=GOM_GND_1 Pin=Cout_2-2
Removed Pin From Net: NetName=+12V_1_JUMP7 Pin=Cout_3-1
Removed Pin From Net: NetName=GOM_GND_1 Pin=Cout_3-2
Removed Pin From Net: NetName=GOM_GND_1 Pin=Css-1
Removed Pin From Net: NetName=GOM_GND_1 Pin=Cvcc-2
Removed Pin From Net: NetName=V_BAT_1 Pin=Cvin-1
Removed Pin From Net: NetName=GOM_GND_1 Pin=Cvin-2
Removed Pin From Net: NetName=GOM_GND_1 Pin=M1-1
Removed Pin From Net: NetName=GOM_GND_1 Pin=M1-2
Removed Pin From Net: NetName=GOM_GND_1 Pin=M1-3
Removed Pin From Net: NetName=+12V_1_JUMP7 Pin=M2-5
Removed Pin From Net: NetName=+12V_1_JUMP7 Pin=M2-6
Removed Pin From Net: NetName=+12V_1_JUMP7 Pin=M2-7
Removed Pin From Net: NetName=+12V_1_JUMP7 Pin=M2-8
Removed Pin From Net: NetName=+12V_1_JUMP7 Pin=M2-9
Removed Pin From Net: NetName=V_BAT_1 Pin=R13-1
Removed Pin From Net: NetName=GOM_GND_1 Pin=Rfbb-2
Removed Pin From Net: NetName=+12V_1_JUMP7 Pin=Rfbt-1
Removed Pin From Net: NetName=GOM_GND_1 Pin=RFrame1-1
Removed Pin From Net: NetName=V_BAT_1 Pin=Rsns1-2
Removed Pin From Net: NetName=V_BAT_1 Pin=Rsns2-2
Removed Pin From Net: NetName=GOM_GND_1 Pin=Rt-2
Removed Pin From Net: NetName=V_BAT_1 Pin=U1-7
Removed Pin From Net: NetName=GOM_GND_1 Pin=U1-9
Removed Pin From Net: NetName=GOM_GND_1 Pin=U1-16
Removed Pin From Net: NetName=GOM_GND_1 Pin=U1-17
