Removed Pin From Net: NetName=mux2 Pin=PC-?-H2_3
Removed Pin From Net: NetName=3.3_Valves246 Pin=PC-?-H2_26
Removed Pin From Net: NetName=5V_Piksi Pin=PC-?-H2_27
Change Component Designator: OldDesignator=ADCS? NewDesignator=ADCS
Change Component Designator: OldDesignator=B? NewDesignator=B
Change Component Designator: OldDesignator=FC? NewDesignator=FC
Change Component Designator: OldDesignator=FlightSwitch? NewDesignator=FlightSwitch
Change Component Designator: OldDesignator=IMU? NewDesignator=IMU
Change Component Designator: OldDesignator=Microswitch? NewDesignator=Microswitch
Change Component Designator: OldDesignator=PIKSI_UARTA? NewDesignator=PIKSI_UARTA
Change Component Designator: OldDesignator=PressSense? NewDesignator=PressSense
Added Pin To Net: NetName=5V_Piksi Pin=PC-?-H2_26
Added Pin To Net: NetName=3.3_Valves246 Pin=PC-?-H2_27
Change Net Name : Old Net Name=NetFlightSwitch?_2 New Net Name=NetFlightSwitch_2
Change Net Name : Old Net Name=NetPressSense?_3 New Net Name=NetPressSense_3
Added Pin To Net: NetName=24V_1 Pin=PC-?-H2_49
Added Net: Name=24V_1
Added Pin To Net: NetName=24V_2 Pin=PC-?-H2_50
Added Net: Name=24V_2
Added Pin To Net: NetName=24V_3 Pin=PC-?-H2_51
Added Net: Name=24V_3
Added Pin To Net: NetName=24V_4 Pin=PC-?-H2_52
Added Net: Name=24V_4
Added Pin To Net: NetName=NetPresAmp?_3 Pin=PresAmp?-3
Added Pin To Net: NetName=NetPresAmp?_3 Pin=PressSense-1
Added Net: Name=NetPresAmp?_3
Added Member To Class: ClassName=AdapterBoard Member=Component R? 1000
Added Member To Class: ClassName=AdapterBoard Member=Component R? 1000
