Removed Pin From Net: NetName=24V Pin=ADCS-1
Removed Pin From Net: NetName=Teensy2_RX Pin=ADCS-2
Removed Pin From Net: NetName=Teensy2_TX Pin=ADCS-3
Removed Pin From Net: NetName=5_ADCS Pin=ADCS-4
Removed Pin From Net: NetName=DGND Pin=ADCS-5
Removed Pin From Net: NetName=DGND Pin=FC-1
Removed Pin From Net: NetName=Piksi_RX Pin=FC-2
Removed Pin From Net: NetName=Piksi_TX Pin=FC-3
Removed Pin From Net: NetName=DockingFW Pin=FC-5
Removed Pin From Net: NetName=Docking_BW Pin=FC-6
Removed Pin From Net: NetName=Docking_en Pin=FC-7
Removed Pin From Net: NetName=Linkstar_RX Pin=FC-9
Removed Pin From Net: NetName=Linkstar_TX Pin=FC-10
Removed Pin From Net: NetName=Teensy2_RX Pin=FC-11
Removed Pin From Net: NetName=Teensy2_TX Pin=FC-12
Removed Pin From Net: NetName=TempMux2 Pin=FC-13
Removed Pin From Net: NetName=TempMux3 Pin=FC-14
Removed Pin From Net: NetName=Valve1 Pin=FC-20
Removed Pin From Net: NetName=Valve2 Pin=FC-21
Removed Pin From Net: NetName=Valve3 Pin=FC-22
Removed Pin From Net: NetName=Valve4 Pin=FC-23
Removed Pin From Net: NetName=Valve5 Pin=FC-24
Removed Pin From Net: NetName=Pressure1 Pin=FC-26
Removed Pin From Net: NetName=TempMuxRead Pin=FC-28
Removed Pin From Net: NetName=AGND Pin=FC-32
Removed Pin From Net: NetName=5V_Teensy1 Pin=FC-33
Removed Pin From Net: NetName=mux5 Pin=Mux-1
Removed Pin From Net: NetName=mux7 Pin=Mux-2
Removed Pin From Net: NetName=TempMuxRead Pin=Mux-3
Removed Pin From Net: NetName=mux8 Pin=Mux-4
Removed Pin From Net: NetName=mux6 Pin=Mux-5
Removed Pin From Net: NetName=DGND Pin=Mux-8
Removed Pin From Net: NetName=TempMux3 Pin=Mux-9
Removed Pin From Net: NetName=TempMux2 Pin=Mux-10
Removed Pin From Net: NetName=TempMux1 Pin=Mux-11
Removed Pin From Net: NetName=mux4 Pin=Mux-12
Removed Pin From Net: NetName=mux1 Pin=Mux-13
Removed Pin From Net: NetName=mux2 Pin=Mux-14
Removed Pin From Net: NetName=mux3 Pin=Mux-15
Removed Pin From Net: NetName=5_mux Pin=Mux-16
Removed Pin From Net: NetName=Valve1 Pin=PC-104-H1_1
Removed Pin From Net: NetName=TempMux1 Pin=PC-104-H1_2
Removed Pin From Net: NetName=Valve2 Pin=PC-104-H1_3
Removed Pin From Net: NetName=TempMux2 Pin=PC-104-H1_4
Removed Pin From Net: NetName=Valve3 Pin=PC-104-H1_5
Removed Pin From Net: NetName=TempMux3 Pin=PC-104-H1_6
Removed Pin From Net: NetName=Valve4 Pin=PC-104-H1_7
Removed Pin From Net: NetName=TempMuxRead Pin=PC-104-H1_8
Removed Pin From Net: NetName=Valve5 Pin=PC-104-H1_9
Removed Pin From Net: NetName=Linkstar_TX Pin=PC-104-H1_13
Removed Pin From Net: NetName=Linkstar_RX Pin=PC-104-H1_15
Removed Pin From Net: NetName=Piksi_TX Pin=PC-104-H1_17
Removed Pin From Net: NetName=Piksi_RX Pin=PC-104-H1_19
Removed Pin From Net: NetName=DockingFW Pin=PC-104-H1_23
Removed Pin From Net: NetName=Docking_BW Pin=PC-104-H1_25
Removed Pin From Net: NetName=Docking_en Pin=PC-104-H1_27
Removed Pin From Net: NetName=Teensy2_TX Pin=PC-104-H1_29
Removed Pin From Net: NetName=Teensy2_RX Pin=PC-104-H1_31
Removed Pin From Net: NetName=5V_BattChargeIn Pin=PC-104-H1_32
Removed Pin From Net: NetName=Pressure1 Pin=PC-104-H1_33
Removed Pin From Net: NetName=5V_TempSensors Pin=PC-104-H1_47
Removed Pin From Net: NetName=5_ADCS Pin=PC-104-H1_50
Removed Pin From Net: NetName=5_mux Pin=PC-104-H1_51
Removed Pin From Net: NetName=5V_Teensy1 Pin=PC-104-H2_25
Removed Pin From Net: NetName=3.3_Valves246 Pin=PC-104-H2_26
Removed Pin From Net: NetName=5V_Teensy2 Pin=PC-104-H2_27
Removed Pin From Net: NetName=3.3_Valves135 Pin=PC-104-H2_28
Removed Pin From Net: NetName=DGND Pin=PC-104-H2_29
Removed Pin From Net: NetName=AGND Pin=PC-104-H2_31
Removed Pin From Net: NetName=ANALOGGND Pin=PressSense2-2
Removed Pin From Net: NetName=NetPresAmp?_2 Pin=PressSense2-4
Removed Pin From Net: NetName=5V_TempSensors Pin=R1-1
Removed Pin From Net: NetName=mux5 Pin=R1-2
Removed Pin From Net: NetName=5V_TempSensors Pin=R2-1
Removed Pin From Net: NetName=mux6 Pin=R2-2
Removed Pin From Net: NetName=5V_TempSensors Pin=R5-1
Removed Pin From Net: NetName=mux1 Pin=R5-2
Removed Pin From Net: NetName=5V_TempSensors Pin=R6-1
Removed Pin From Net: NetName=mux2 Pin=R6-2
Removed Pin From Net: NetName=NetOpAmp?_3 Pin=R?-1
Removed Pin From Net: NetName=NetPresAmp?_7 Pin=R?-1
Removed Pin From Net: NetName=NetOpAmp?_2 Pin=R?-2
Removed Pin From Net: NetName=mux5 Pin=T1-1
Removed Pin From Net: NetName=DGND Pin=T1-2
Removed Pin From Net: NetName=mux6 Pin=T2-1
Removed Pin From Net: NetName=DGND Pin=T2-2
Removed Pin From Net: NetName=mux1 Pin=T5-1
Removed Pin From Net: NetName=DGND Pin=T5-2
Removed Pin From Net: NetName=mux2 Pin=T6-1
Removed Pin From Net: NetName=DGND Pin=T6-2
Added Component: Designator=ADCS?(Molex Picoblade 5 Pin)
Add component. Clean all parameters for all variants
Added Component: Designator=FC?(Teensy 3.2 SMD Headers)
Add component. Clean all parameters for all variants
Added Component: Designator=IMU?(HDR1X5)
Add component. Clean all parameters for all variants
Add component (AddParameter): Name = "LatestRevisionDate"; Value = "17-Jul-2002"; VariantName = "[No Variations]"
Add component (AddParameter): Name = "LatestRevisionNote"; Value = "Re-released for DXP Platform."; VariantName = "[No Variations]"
Add component (AddParameter): Name = "Publisher"; Value = "Altium Limited"; VariantName = "[No Variations]"
Added Component: Designator=Mux?(N16)
Add component. Clean all parameters for all variants
Add component (AddParameter): Name = "C"; Value = "Copyright (C) 2015 Accelerated Designs. All rights reserved"; VariantName = "[No Variations]"
Add component (AddParameter): Name = "Copyright"; Value = "Copyright (C) 2015 Accelerated Designs. All rights reserved"; VariantName = "[No Variations]"
Add component (AddParameter): Name = "Family"; Value = "Unknown"; VariantName = "[No Variations]"
Add component (AddParameter): Name = "Manufacturer_Name"; Value = "Texas Instruments"; VariantName = "[No Variations]"
Add component (AddParameter): Name = "Manufacturer_Part_Number"; Value = "CD74HC4051E"; VariantName = "[No Variations]"
Add component (AddParameter): Name = "RefDes"; Value = "RefDes"; VariantName = "[No Variations]"
Add component (AddParameter): Name = "RS_Part_Number"; Value = "526694"; VariantName = "[No Variations]"
Add component (AddParameter): Name = "Section"; Value = "Unknown"; VariantName = "[No Variations]"
Add component (AddParameter): Name = "Type"; Value = "Type"; VariantName = "[No Variations]"
Add component (AddParameter): Name = "Value"; Value = "Value"; VariantName = "[No Variations]"
Add component (AddParameter): Name = "Vendor"; Value = "Texas Instruments"; VariantName = "[No Variations]"
Added Component: Designator=PC-?(PC-104FOOTPRINT)
Add component. Clean all parameters for all variants
Added Component: Designator=PressSense?(532610471)
Add component. Clean all parameters for all variants
Added Component: Designator=PressSense?(532610471)
Add component. Clean all parameters for all variants
Added Component: Designator=R?(AXIAL-0.3)
Add component. Clean all parameters for all variants
Add component (AddParameter): Name = "LatestRevisionDate"; Value = "17-Jul-2002"; VariantName = "[No Variations]"
Add component (AddParameter): Name = "LatestRevisionNote"; Value = "Re-released for DXP Platform."; VariantName = "[No Variations]"
Add component (AddParameter): Name = "PackageDescription"; Value = "Axial Device, Thru-Hole; 2 Leads; 0.3 in Pin Spacing"; VariantName = "[No Variations]"
Add component (AddParameter): Name = "PackageReference"; Value = "AXIAL-0.3"; VariantName = "[No Variations]"
Add component (AddParameter): Name = "Published"; Value = "8-Jun-2000"; VariantName = "[No Variations]"
Add component (AddParameter): Name = "Publisher"; Value = "Altium Limited"; VariantName = "[No Variations]"
Add component (AddParameter): Name = "Value"; Value = "1K"; VariantName = "[No Variations]"
Added Component: Designator=R?(AXIAL-0.3)
Add component. Clean all parameters for all variants
Add component (AddParameter): Name = "LatestRevisionDate"; Value = "17-Jul-2002"; VariantName = "[No Variations]"
Add component (AddParameter): Name = "LatestRevisionNote"; Value = "Re-released for DXP Platform."; VariantName = "[No Variations]"
Add component (AddParameter): Name = "PackageDescription"; Value = "Axial Device, Thru-Hole; 2 Leads; 0.3 in Pin Spacing"; VariantName = "[No Variations]"
Add component (AddParameter): Name = "PackageReference"; Value = "AXIAL-0.3"; VariantName = "[No Variations]"
Add component (AddParameter): Name = "Published"; Value = "8-Jun-2000"; VariantName = "[No Variations]"
Add component (AddParameter): Name = "Publisher"; Value = "Altium Limited"; VariantName = "[No Variations]"
Add component (AddParameter): Name = "Value"; Value = "1K"; VariantName = "[No Variations]"
Added Component: Designator=R?(AXIAL-0.3)
Add component. Clean all parameters for all variants
Add component (AddParameter): Name = "LatestRevisionDate"; Value = "17-Jul-2002"; VariantName = "[No Variations]"
Add component (AddParameter): Name = "LatestRevisionNote"; Value = "Re-released for DXP Platform."; VariantName = "[No Variations]"
Add component (AddParameter): Name = "PackageDescription"; Value = "Axial Device, Thru-Hole; 2 Leads; 0.3 in Pin Spacing"; VariantName = "[No Variations]"
Add component (AddParameter): Name = "PackageReference"; Value = "AXIAL-0.3"; VariantName = "[No Variations]"
Add component (AddParameter): Name = "Published"; Value = "8-Jun-2000"; VariantName = "[No Variations]"
Add component (AddParameter): Name = "Publisher"; Value = "Altium Limited"; VariantName = "[No Variations]"
Add component (AddParameter): Name = "Value"; Value = "1K"; VariantName = "[No Variations]"
Added Component: Designator=R?(AXIAL-0.3)
Add component. Clean all parameters for all variants
Add component (AddParameter): Name = "LatestRevisionDate"; Value = "17-Jul-2002"; VariantName = "[No Variations]"
Add component (AddParameter): Name = "LatestRevisionNote"; Value = "Re-released for DXP Platform."; VariantName = "[No Variations]"
Add component (AddParameter): Name = "PackageDescription"; Value = "Axial Device, Thru-Hole; 2 Leads; 0.3 in Pin Spacing"; VariantName = "[No Variations]"
Add component (AddParameter): Name = "PackageReference"; Value = "AXIAL-0.3"; VariantName = "[No Variations]"
Add component (AddParameter): Name = "Published"; Value = "8-Jun-2000"; VariantName = "[No Variations]"
Add component (AddParameter): Name = "Publisher"; Value = "Altium Limited"; VariantName = "[No Variations]"
Add component (AddParameter): Name = "Value"; Value = "1K"; VariantName = "[No Variations]"
Added Component: Designator=T?(RemoverBeforeFlight Switch)
Add component. Clean all parameters for all variants
Added Component: Designator=T?(RemoverBeforeFlight Switch)
Add component. Clean all parameters for all variants
Added Component: Designator=T?(RemoverBeforeFlight Switch)
Add component. Clean all parameters for all variants
Added Component: Designator=T?(RemoverBeforeFlight Switch)
Add component. Clean all parameters for all variants
Added Pin To Net: NetName=24V Pin=ADCS?-1
Added Pin To Net: NetName=Teensy2_RX Pin=ADCS?-2
Added Pin To Net: NetName=Teensy2_TX Pin=ADCS?-3
Added Pin To Net: NetName=5_ADCS Pin=ADCS?-4
Added Pin To Net: NetName=DGND Pin=ADCS?-5
Added Pin To Net: NetName=DGND Pin=FC?-1
Added Pin To Net: NetName=Piksi_RX Pin=FC?-2
Added Pin To Net: NetName=Piksi_TX Pin=FC?-3
Added Pin To Net: NetName=DockingFW Pin=FC?-5
Added Pin To Net: NetName=Docking_BW Pin=FC?-6
Added Pin To Net: NetName=Docking_en Pin=FC?-7
Added Pin To Net: NetName=Linkstar_RX Pin=FC?-9
Added Pin To Net: NetName=Linkstar_TX Pin=FC?-10
Added Pin To Net: NetName=TempMux2 Pin=FC?-13
Added Pin To Net: NetName=Valve1 Pin=FC?-20
Added Pin To Net: NetName=Valve2 Pin=FC?-21
Added Pin To Net: NetName=Valve3 Pin=FC?-22
Added Pin To Net: NetName=Valve4 Pin=FC?-25
Added Pin To Net: NetName=Pressure1 Pin=FC?-26
Added Pin To Net: NetName=TempMuxRead Pin=FC?-28
Added Pin To Net: NetName=Valve5 Pin=FC?-29
Added Pin To Net: NetName=AGND Pin=FC?-32
Added Pin To Net: NetName=5V_Teensy1 Pin=FC?-33
Added Pin To Net: NetName=DGND Pin=IMU?-3
Added Pin To Net: NetName=mux5 Pin=Mux?-1
Added Pin To Net: NetName=mux7 Pin=Mux?-2
Added Pin To Net: NetName=TempMuxRead Pin=Mux?-3
Added Pin To Net: NetName=mux8 Pin=Mux?-4
Added Pin To Net: NetName=mux6 Pin=Mux?-5
Added Pin To Net: NetName=DGND Pin=Mux?-8
Added Pin To Net: NetName=TempMux3 Pin=Mux?-9
Added Pin To Net: NetName=TempMux2 Pin=Mux?-10
Added Pin To Net: NetName=TempMux1 Pin=Mux?-11
Added Pin To Net: NetName=mux4 Pin=Mux?-12
Added Pin To Net: NetName=mux1 Pin=Mux?-13
Added Pin To Net: NetName=mux2 Pin=Mux?-14
Added Pin To Net: NetName=mux3 Pin=Mux?-15
Added Pin To Net: NetName=5_mux Pin=Mux?-16
Added Pin To Net: NetName=Valve1 Pin=PC-?-H1_1
Added Pin To Net: NetName=TempMux1 Pin=PC-?-H1_2
Added Pin To Net: NetName=Valve2 Pin=PC-?-H1_3
Added Pin To Net: NetName=TempMux2 Pin=PC-?-H1_4
Added Pin To Net: NetName=Valve3 Pin=PC-?-H1_5
Added Pin To Net: NetName=Valve4 Pin=PC-?-H1_7
Added Pin To Net: NetName=TempMuxRead Pin=PC-?-H1_8
Added Pin To Net: NetName=Valve5 Pin=PC-?-H1_9
Added Pin To Net: NetName=Linkstar_TX Pin=PC-?-H1_13
Added Pin To Net: NetName=Linkstar_RX Pin=PC-?-H1_15
Added Pin To Net: NetName=Piksi_TX Pin=PC-?-H1_17
Added Pin To Net: NetName=Piksi_RX Pin=PC-?-H1_19
Added Pin To Net: NetName=DockingFW Pin=PC-?-H1_23
Added Pin To Net: NetName=Docking_BW Pin=PC-?-H1_25
Added Pin To Net: NetName=Docking_en Pin=PC-?-H1_27
Added Pin To Net: NetName=5V_BattChargeIn Pin=PC-?-H1_32
Added Pin To Net: NetName=Pressure1 Pin=PC-?-H1_33
Added Pin To Net: NetName=5V_TempSensors Pin=PC-?-H1_47
Added Pin To Net: NetName=5V_Teensy1 Pin=PC-?-H1_49
Added Pin To Net: NetName=5_ADCS Pin=PC-?-H1_50
Added Pin To Net: NetName=5V_Teensy2 Pin=PC-?-H1_51
Added Pin To Net: NetName=5_mux Pin=PC-?-H2_25
Added Pin To Net: NetName=3.3_Valves246 Pin=PC-?-H2_26
Added Pin To Net: NetName=3.3_Valves135 Pin=PC-?-H2_28
Added Pin To Net: NetName=DGND Pin=PC-?-H2_29
Added Pin To Net: NetName=AGND Pin=PC-?-H2_31
Added Pin To Net: NetName=ANALOGGND Pin=PressSense?-2
Added Pin To Net: NetName=NetPresAmp?_2 Pin=PressSense?-4
Added Pin To Net: NetName=5V_TempSensors Pin=R?-1
Added Pin To Net: NetName=5V_TempSensors Pin=R?-1
Added Pin To Net: NetName=5V_TempSensors Pin=R?-1
Added Pin To Net: NetName=5V_TempSensors Pin=R?-1
Added Pin To Net: NetName=NetOpAmp?_3 Pin=R?-1
Added Pin To Net: NetName=NetPresAmp?_7 Pin=R?-1
Added Pin To Net: NetName=mux1 Pin=R?-2
Added Pin To Net: NetName=mux2 Pin=R?-2
Added Pin To Net: NetName=mux5 Pin=R?-2
Added Pin To Net: NetName=mux6 Pin=R?-2
Added Pin To Net: NetName=NetOpAmp?_2 Pin=R?-2
Added Pin To Net: NetName=mux1 Pin=T?-1
Added Pin To Net: NetName=mux2 Pin=T?-1
Added Pin To Net: NetName=mux5 Pin=T?-1
Added Pin To Net: NetName=mux6 Pin=T?-1
Added Pin To Net: NetName=DGND Pin=T?-2
Added Pin To Net: NetName=DGND Pin=T?-2
Added Pin To Net: NetName=DGND Pin=T?-2
Added Pin To Net: NetName=DGND Pin=T?-2
Added Pin To Net: NetName=5_Valves Pin=PC-?-H1_48
Added Net: Name=5_Valves
Added Pin To Net: NetName=5V_IMU Pin=IMU?-4
Added Net: Name=5V_IMU
Added Pin To Net: NetName=5V_Piksi Pin=PIKSI_UARTA?-5
Added Net: Name=5V_Piksi
Added Pin To Net: NetName=24V_SAH_enable Pin=FC?-11
Added Pin To Net: NetName=24V_SAH_enable Pin=PC-?-H1_31
Added Net: Name=24V_SAH_enable
Added Pin To Net: NetName=EPS_RX Pin=PC-?-H2_38
Added Net: Name=EPS_RX
Added Pin To Net: NetName=EPS_TX Pin=PC-?-H2_36
Added Net: Name=EPS_TX
Added Pin To Net: NetName=NetPressSense?_3 Pin=PressSense?-3
Added Pin To Net: NetName=NetPressSense?_3 Pin=Q?-3
Added Net: Name=NetPressSense?_3
Added Pin To Net: NetName=Teensy2_Reset Pin=FC?-4
Added Net: Name=Teensy2_Reset
Added Pin To Net: NetName=Teensy2_SCL Pin=FC?-23
Added Pin To Net: NetName=Teensy2_SCL Pin=IMU?-1
Added Pin To Net: NetName=Teensy2_SCL Pin=PC-?-H1_43
Added Net: Name=Teensy2_SCL
Added Pin To Net: NetName=Teensy2_SDA Pin=FC?-24
Added Pin To Net: NetName=Teensy2_SDA Pin=IMU?-2
Added Pin To Net: NetName=Teensy2_SDA Pin=PC-?-H1_41
Added Net: Name=Teensy2_SDA
Added Pin To Net: NetName=VBatt Pin=PC-?-H2_45
Added Pin To Net: NetName=VBatt Pin=PC-?-H2_47
Added Net: Name=VBatt
Added Class: Name=AdapterBoard
Added Room: Name=AdapterBoard
