Change Component Comment : Designator=C3 Old Comment=1uF  New Comment=1uF
Added Pin To Net: NetName=Signal + Pin=C1-1
Added Pin To Net: NetName=NetC1_2 Pin=C1-2
Added Pin To Net: NetName=GND1 Pin=C2-1
Added Pin To Net: NetName=NetC2_2 Pin=C2-2
Added Pin To Net: NetName=GND1 Pin=C3-1
Added Pin To Net: NetName=NetC3_2 Pin=C3-2
Added Pin To Net: NetName=GND1 Pin=D1-1
Added Pin To Net: NetName=NetD1_2 Pin=D1-2
Added Pin To Net: NetName=NetD2_1 Pin=D2-1
Added Pin To Net: NetName=+ Valve Pin=D2-2
Added Pin To Net: NetName=NetD2_1 Pin=D3-1
Added Pin To Net: NetName=- Valve Pin=D3-2
Added Pin To Net: NetName=V2 Pin=D4-1
Added Pin To Net: NetName=+ Valve Pin=D4-2
Added Pin To Net: NetName=V1 Pin=P1-1
Added Pin To Net: NetName=V2 Pin=P1-2
Added Pin To Net: NetName=+ Valve Pin=P1-3
Added Pin To Net: NetName=- Valve Pin=P1-4
Added Pin To Net: NetName=GND1 Pin=P2-1
Added Pin To Net: NetName=Signal + Pin=P2-2
Added Pin To Net: NetName=VCC Pin=P2-3
Added Pin To Net: NetName=NetD1_2 Pin=Q1-1
Added Pin To Net: NetName=GND1 Pin=Q1-2
Added Pin To Net: NetName=NetQ1_3 Pin=Q1-3
Added Pin To Net: NetName=NetQ2_1 Pin=Q2-1
Added Pin To Net: NetName=GND1 Pin=Q2-2
Added Pin To Net: NetName=NetQ2_3 Pin=Q2-3
Added Pin To Net: NetName=NetQ3_1 Pin=Q3-1
Added Pin To Net: NetName=V1 Pin=Q3-3
Added Pin To Net: NetName=+ Valve Pin=Q3-4
Added Pin To Net: NetName=NetQ4_1 Pin=Q4-1
Added Pin To Net: NetName=GND1 Pin=Q4-3
Added Pin To Net: NetName=- Valve Pin=Q4-4
Added Pin To Net: NetName=NetC1_2 Pin=R1-1
Added Pin To Net: NetName=NetD1_2 Pin=R1-2
Added Pin To Net: NetName=NetQ1_3 Pin=R2-1
Added Pin To Net: NetName=VCC Pin=R2-2
Added Pin To Net: NetName=NetQ4_1 Pin=R3-1
Added Pin To Net: NetName=Signal + Pin=R3-2
Added Pin To Net: NetName=NetQ2_1 Pin=R4-1
Added Pin To Net: NetName=NetR4_2 Pin=R4-2
Added Pin To Net: NetName=VCC Pin=R5-1
Added Pin To Net: NetName=NetC3_2 Pin=R5-2
Added Pin To Net: NetName=NetQ2_3 Pin=R6-1
Added Pin To Net: NetName=NetQ3_1 Pin=R6-2
Added Pin To Net: NetName=NetQ2_3 Pin=R7-1
Added Pin To Net: NetName=V1 Pin=R7-2
Added Pin To Net: NetName=GND1 Pin=U1-1
Added Pin To Net: NetName=NetQ1_3 Pin=U1-2
Added Pin To Net: NetName=NetR4_2 Pin=U1-3
Added Pin To Net: NetName=VCC Pin=U1-4
Added Pin To Net: NetName=NetC2_2 Pin=U1-5
Added Pin To Net: NetName=NetC3_2 Pin=U1-6
Added Pin To Net: NetName=NetC3_2 Pin=U1-7
Added Pin To Net: NetName=VCC Pin=U1-8
Added Class: Name=Spike and Hold V2.1
Added Room: Name=Spike and Hold V2.1
