Removed Pin From Net: NetName=+ Valve Pin=P1-1
Removed Pin From Net: NetName=- Valve Pin=P1-2
Removed Pin From Net: NetName=VCC Pin=P2-1
Removed Pin From Net: NetName=V1 Pin=P3-1
Removed Pin From Net: NetName=V2 Pin=P3-2
Removed Member From Class: ClassName=Spike and Hold Member=P3
Change Component Footprint: Designator=P1 Old Footprint=MHDR1X2 New Footprint=MOLX-22-27-2041_V
Change Component Footprint: Designator=P2 Old Footprint=MHDR1X2 New Footprint=MOLX-22-27-2041_V
Change Component Comment : Designator=P2 Old Comment=Signal, VCC New Comment=22-27-2041
Change Component Comment : Designator=P1 Old Comment=Valve Connector New Comment=22-27-2041
Change component parameters: Designator = "P1"; Footprint = "MOLX-22-27-2041_V"; UniqueID = "\SELDMMHE"
Change component parameters. Clean all parameters for all variants
Change component parameters (AddParameter): Name = "Contact material"; Value = "Tinplatedbrass"; VariantName = "[No Variations]"
Change component parameters (AddParameter): Name = "Current rating"; Value = "4A"; VariantName = "[No Variations]"
Change component parameters (AddParameter): Name = "Datasheet URL"; Value = "http://www.molex.com/pdm_docs/sd/022272041_sd.pdf"; VariantName = "[No Variations]"
Change component parameters (AddParameter): Name = "Datasheet Version"; Value = "Rev. F, 06/2009"; VariantName = "[No Variations]"
Change component parameters (AddParameter): Name = "Housing material"; Value = "Nylon(UL94V-0)"; VariantName = "[No Variations]"
Change component parameters (AddParameter): Name = "Manufacturer"; Value = "Molex"; VariantName = "[No Variations]"
Change component parameters (AddParameter): Name = "Manufacturer URL"; Value = "http://www.molex.com/"; VariantName = "[No Variations]"
Change component parameters (AddParameter): Name = "Operating temperature"; Value = "0degCto+75degC"; VariantName = "[No Variations]"
Change component parameters (AddParameter): Name = "Voltage rating"; Value = "250V"; VariantName = "[No Variations]"
Change component parameters: Designator = "P2"; Footprint = "MOLX-22-27-2041_V"; UniqueID = "\KXBGPYOS"
Change component parameters. Clean all parameters for all variants
Change component parameters (AddParameter): Name = "Contact material"; Value = "Tinplatedbrass"; VariantName = "[No Variations]"
Change component parameters (AddParameter): Name = "Current rating"; Value = "4A"; VariantName = "[No Variations]"
Change component parameters (AddParameter): Name = "Datasheet URL"; Value = "http://www.molex.com/pdm_docs/sd/022272041_sd.pdf"; VariantName = "[No Variations]"
Change component parameters (AddParameter): Name = "Datasheet Version"; Value = "Rev. F, 06/2009"; VariantName = "[No Variations]"
Change component parameters (AddParameter): Name = "Housing material"; Value = "Nylon(UL94V-0)"; VariantName = "[No Variations]"
Change component parameters (AddParameter): Name = "Manufacturer"; Value = "Molex"; VariantName = "[No Variations]"
Change component parameters (AddParameter): Name = "Manufacturer URL"; Value = "http://www.molex.com/"; VariantName = "[No Variations]"
Change component parameters (AddParameter): Name = "Operating temperature"; Value = "0degCto+75degC"; VariantName = "[No Variations]"
Change component parameters (AddParameter): Name = "Voltage rating"; Value = "250V"; VariantName = "[No Variations]"
Added Pin To Net: NetName=V1 Pin=P1-1
Added Pin To Net: NetName=V2 Pin=P1-2
Added Pin To Net: NetName=+ Valve Pin=P1-3
Added Pin To Net: NetName=- Valve Pin=P1-4
Added Pin To Net: NetName=GND1 Pin=P2-1
Added Pin To Net: NetName=VCC Pin=P2-3
Added Room: Name=Spike and Hold
